12-22 11:52:01 com_github_MitjaNemec_ReplicateLayout.action_replicate_layout 392:Plugin executed on: 'win32'
12-22 11:52:01 com_github_MitjaNemec_ReplicateLayout.action_replicate_layout 393:Plugin executed with python version: '3.11.5 (main, Nov  3 2024, 06:58:22) [MSC v.1939 64 bit (AMD64)]'
12-22 11:52:01 com_github_MitjaNemec_ReplicateLayout.action_replicate_layout 394:KiCad build version: 8.0.7
12-22 11:52:01 com_github_MitjaNemec_ReplicateLayout.action_replicate_layout 395:Plugin version: 3.0.3
12-22 11:52:01 com_github_MitjaNemec_ReplicateLayout.action_replicate_layout 396:Frame repr: <wx._core.Frame object at 0x00000228CB9EEB00>
12-22 11:52:01 com_github_MitjaNemec_ReplicateLayout.action_replicate_layout 420:Preparing replicator with U41 as a reference
12-22 11:52:01 com_github_MitjaNemec_ReplicateLayout.replicate_layout 117:getting a list of all footprints on board
12-22 11:52:01 com_github_MitjaNemec_ReplicateLayout.action_replicate_layout 468:source anchor footprint is 'U41'
Located on: ['Encoder0']
With filenames: ['encoderIn.kicad_sch']
With sheet_id:['Encoder0']
12-22 11:52:01 com_github_MitjaNemec_ReplicateLayout.action_replicate_layout 475:Corresponding footprints are 
[('U31', ['Encoder1']), ('U37', ['Encoder3']), ('U41', ['Encoder0']), ('U34', ['Encoder2'])]
12-22 11:52:01 com_github_MitjaNemec_ReplicateLayout.action_replicate_layout 487:Showing dialog
12-22 11:52:01 com_github_MitjaNemec_ReplicateLayout.replicate_layout 472:constructing a list of sheets suitable for replication on level:'Encoder0', file:'encoderIn.kicad_sch'
12-22 11:52:01 com_github_MitjaNemec_ReplicateLayout.replicate_layout 509:suitable sheets are:[['Encoder1'], ['Encoder2'], ['Encoder3']]
12-22 11:52:01 com_github_MitjaNemec_ReplicateLayout.replicate_layout 1507:Level selected: ['Encoder0']
12-22 11:52:01 com_github_MitjaNemec_ReplicateLayout.replicate_layout 1331:Filtering list of tracks
12-22 11:52:02 com_github_MitjaNemec_ReplicateLayout.action_replicate_layout 493:Toolbar position: wx.Point(3360, 168)
12-22 11:52:02 com_github_MitjaNemec_ReplicateLayout.action_replicate_layout 498:Dialog position: wx.Point(2921, 168)
12-22 11:52:10 com_github_MitjaNemec_ReplicateLayout.replicate_layout 472:constructing a list of sheets suitable for replication on level:'Encoder0', file:'encoderIn.kicad_sch'
12-22 11:52:10 com_github_MitjaNemec_ReplicateLayout.replicate_layout 509:suitable sheets are:[['Encoder1'], ['Encoder2'], ['Encoder3']]
12-22 11:52:11 com_github_MitjaNemec_ReplicateLayout.replicate_layout 1507:Level selected: ['Encoder0']
12-22 11:52:11 com_github_MitjaNemec_ReplicateLayout.replicate_layout 1331:Filtering list of tracks
12-22 11:52:14 com_github_MitjaNemec_ReplicateLayout.replicate_layout 472:constructing a list of sheets suitable for replication on level:'Encoder0', file:'encoderIn.kicad_sch'
12-22 11:52:14 com_github_MitjaNemec_ReplicateLayout.replicate_layout 509:suitable sheets are:[['Encoder1'], ['Encoder2'], ['Encoder3']]
12-22 11:52:14 com_github_MitjaNemec_ReplicateLayout.replicate_layout 1507:Level selected: ['Encoder0']
12-22 11:52:14 com_github_MitjaNemec_ReplicateLayout.replicate_layout 1331:Filtering list of tracks
12-22 11:52:21 com_github_MitjaNemec_ReplicateLayout.replicate_layout 472:constructing a list of sheets suitable for replication on level:'Encoder0', file:'encoderIn.kicad_sch'
12-22 11:52:21 com_github_MitjaNemec_ReplicateLayout.replicate_layout 509:suitable sheets are:[['Encoder1'], ['Encoder2'], ['Encoder3']]
12-22 11:52:21 com_github_MitjaNemec_ReplicateLayout.replicate_layout 1507:Level selected: ['Encoder0']
12-22 11:52:21 com_github_MitjaNemec_ReplicateLayout.replicate_layout 1331:Filtering list of tracks
12-22 11:52:23 com_github_MitjaNemec_ReplicateLayout.replicate_layout 472:constructing a list of sheets suitable for replication on level:'Encoder0', file:'encoderIn.kicad_sch'
12-22 11:52:23 com_github_MitjaNemec_ReplicateLayout.replicate_layout 509:suitable sheets are:[['Encoder1'], ['Encoder2'], ['Encoder3']]
12-22 11:52:24 com_github_MitjaNemec_ReplicateLayout.replicate_layout 1507:Level selected: ['Encoder0']
12-22 11:52:24 com_github_MitjaNemec_ReplicateLayout.replicate_layout 1331:Filtering list of tracks
12-22 11:52:26 com_github_MitjaNemec_ReplicateLayout.replicate_layout 472:constructing a list of sheets suitable for replication on level:'Encoder0', file:'encoderIn.kicad_sch'
12-22 11:52:26 com_github_MitjaNemec_ReplicateLayout.replicate_layout 509:suitable sheets are:[['Encoder1'], ['Encoder2'], ['Encoder3']]
12-22 11:52:27 com_github_MitjaNemec_ReplicateLayout.replicate_layout 1507:Level selected: ['Encoder0']
12-22 11:52:27 com_github_MitjaNemec_ReplicateLayout.replicate_layout 1331:Filtering list of tracks
12-22 11:52:37 com_github_MitjaNemec_ReplicateLayout.replicate_layout 472:constructing a list of sheets suitable for replication on level:'Encoder0', file:'encoderIn.kicad_sch'
12-22 11:52:37 com_github_MitjaNemec_ReplicateLayout.replicate_layout 509:suitable sheets are:[['Encoder1'], ['Encoder2'], ['Encoder3']]
12-22 11:52:37 com_github_MitjaNemec_ReplicateLayout.action_replicate_layout 240:Replicating layout
12-22 11:52:37 com_github_MitjaNemec_ReplicateLayout.replicate_layout 288:Starting replication of sheets: [['Encoder1'], ['Encoder2'], ['Encoder3']]
on level: ['Encoder0']
with tracks=True, zone=True, text=True, text=False, intersecting=False, remove=True, locked footprints=False, group_only=False
12-22 11:52:37 root 332:updating GUI message: 'Preparing for replication'
12-22 11:52:37 root 337:updating GUI with: 0
12-22 11:52:37 com_github_MitjaNemec_ReplicateLayout.replicate_layout 358:Getting the list of source footprints
12-22 11:52:37 com_github_MitjaNemec_ReplicateLayout.replicate_layout 368:Getting the list of all the remaining footprints
12-22 11:52:37 com_github_MitjaNemec_ReplicateLayout.replicate_layout 375:Getting source tracks
12-22 11:52:37 com_github_MitjaNemec_ReplicateLayout.replicate_layout 1331:Filtering list of tracks
12-22 11:52:37 com_github_MitjaNemec_ReplicateLayout.replicate_layout 379:Getting source zones
12-22 11:52:37 root 337:updating GUI with: 50
12-22 11:52:37 com_github_MitjaNemec_ReplicateLayout.replicate_layout 383:Getting source text items
12-22 11:52:37 com_github_MitjaNemec_ReplicateLayout.replicate_layout 387:Getting source drawing items
12-22 11:52:37 com_github_MitjaNemec_ReplicateLayout.replicate_layout 320:Removing tracks and zones, before footprint placement
12-22 11:52:37 root 332:updating GUI message: 'Removing zones and tracks'
12-22 11:52:37 com_github_MitjaNemec_ReplicateLayout.replicate_layout 1277:Remove bounding box top:122399000, bottom:148450000, Left:207868000, Right:227959999
12-22 11:52:37 root 337:updating GUI with: 33
12-22 11:52:37 com_github_MitjaNemec_ReplicateLayout.replicate_layout 1277:Remove bounding box top:122399000, bottom:148450000, Left:186868000, Right:206950999
12-22 11:52:37 root 337:updating GUI with: 66
12-22 11:52:37 com_github_MitjaNemec_ReplicateLayout.replicate_layout 1277:Remove bounding box top:121057000, bottom:148450000, Left:165868000, Right:185950999
12-22 11:52:37 root 332:updating GUI message: 'Replicating footprints'
12-22 11:52:37 root 337:updating GUI with: 0
12-22 11:52:37 com_github_MitjaNemec_ReplicateLayout.replicate_layout 861:Replicating footprints
12-22 11:52:37 com_github_MitjaNemec_ReplicateLayout.replicate_layout 868:Replicating footprints on sheet ['Encoder1']
12-22 11:52:37 com_github_MitjaNemec_ReplicateLayout.replicate_layout 985:Src text UUid:c85389e7-f71f-400a-9ba5-0f038882d586
12-22 11:52:37 com_github_MitjaNemec_ReplicateLayout.replicate_layout 986:Dst text UUid:39328b2a-89b2-4cb2-83d8-6aaa6f240814
12-22 11:52:37 com_github_MitjaNemec_ReplicateLayout.replicate_layout 985:Src text UUid:fa02550c-309e-4df9-bb64-af2da1f1b460
12-22 11:52:37 com_github_MitjaNemec_ReplicateLayout.replicate_layout 986:Dst text UUid:9f7a1cb3-45f5-47f8-970d-ab9acf37c5e7
12-22 11:52:37 com_github_MitjaNemec_ReplicateLayout.replicate_layout 985:Src text UUid:7d210d6a-ccfd-4f2e-b0fb-d5748b05fbc0
12-22 11:52:37 com_github_MitjaNemec_ReplicateLayout.replicate_layout 986:Dst text UUid:f1276a14-d3e8-4fa1-9e4b-f03593b249cd
12-22 11:52:37 com_github_MitjaNemec_ReplicateLayout.replicate_layout 985:Src text UUid:53003272-4b3b-4d65-a23f-5d5580c3b546
12-22 11:52:37 com_github_MitjaNemec_ReplicateLayout.replicate_layout 986:Dst text UUid:80937f95-e8bb-4e33-9615-5e2e9df27c4b
12-22 11:52:37 com_github_MitjaNemec_ReplicateLayout.replicate_layout 985:Src text UUid:769447de-4158-4b15-be66-17165ad16d75
12-22 11:52:37 com_github_MitjaNemec_ReplicateLayout.replicate_layout 986:Dst text UUid:26de5b62-bb1c-4f55-af22-b6d3dbd35d04
12-22 11:52:37 com_github_MitjaNemec_ReplicateLayout.replicate_layout 985:Src text UUid:a712a18e-fcac-4aff-8e80-61dc230ce34d
12-22 11:52:37 com_github_MitjaNemec_ReplicateLayout.replicate_layout 986:Dst text UUid:c7c260b0-1f3f-4ddf-ae6a-768204cdae83
12-22 11:52:37 com_github_MitjaNemec_ReplicateLayout.replicate_layout 985:Src text UUid:3583d1c5-8743-468d-8ad8-6c8c1c9e0f75
12-22 11:52:37 com_github_MitjaNemec_ReplicateLayout.replicate_layout 986:Dst text UUid:d53ad543-3be2-4324-ad72-e2e68bcd8db5
12-22 11:52:37 com_github_MitjaNemec_ReplicateLayout.replicate_layout 985:Src text UUid:d2d1b01f-5b0c-4019-b94f-7f9c634335a0
12-22 11:52:37 com_github_MitjaNemec_ReplicateLayout.replicate_layout 986:Dst text UUid:451a4280-752b-4c0a-b057-728771a43faa
12-22 11:52:37 com_github_MitjaNemec_ReplicateLayout.replicate_layout 985:Src text UUid:3948a9d4-2fc3-458f-a929-8892eb6a719f
12-22 11:52:37 com_github_MitjaNemec_ReplicateLayout.replicate_layout 986:Dst text UUid:936bd587-75a4-4af1-87c7-382aad46e109
12-22 11:52:37 com_github_MitjaNemec_ReplicateLayout.replicate_layout 985:Src text UUid:ca3cce5c-9ff5-43fa-86aa-26b4b83814d5
12-22 11:52:37 com_github_MitjaNemec_ReplicateLayout.replicate_layout 986:Dst text UUid:303e6319-13b5-47b5-849a-96b56ace4141
12-22 11:52:37 com_github_MitjaNemec_ReplicateLayout.replicate_layout 985:Src text UUid:45f661cc-531c-40b0-808d-1b8c08d64c70
12-22 11:52:37 com_github_MitjaNemec_ReplicateLayout.replicate_layout 986:Dst text UUid:ed5eabd9-f0f7-45fc-bfa3-3a8eee62987d
12-22 11:52:37 com_github_MitjaNemec_ReplicateLayout.replicate_layout 985:Src text UUid:26080861-80f6-4f1d-b554-c6b2dd2fa1dd
12-22 11:52:37 com_github_MitjaNemec_ReplicateLayout.replicate_layout 986:Dst text UUid:985ebc7f-9c3f-467c-b39d-fc01856ca547
12-22 11:52:37 com_github_MitjaNemec_ReplicateLayout.replicate_layout 985:Src text UUid:94ab995a-9344-4f0c-bda7-67acd1c8ec04
12-22 11:52:37 com_github_MitjaNemec_ReplicateLayout.replicate_layout 986:Dst text UUid:8878fb81-6319-41dd-882c-c9f8102dfd31
12-22 11:52:37 com_github_MitjaNemec_ReplicateLayout.replicate_layout 985:Src text UUid:1b823bbf-c2d9-4a27-94ae-8f7f27ae4cae
12-22 11:52:37 com_github_MitjaNemec_ReplicateLayout.replicate_layout 986:Dst text UUid:005ac7cc-5ecb-40ec-8180-024724b376f6
12-22 11:52:37 com_github_MitjaNemec_ReplicateLayout.replicate_layout 985:Src text UUid:b7b57b94-a7f1-4777-9975-769d7d062f32
12-22 11:52:37 com_github_MitjaNemec_ReplicateLayout.replicate_layout 986:Dst text UUid:8a971bdf-55c6-4cf4-8ad0-a4076e28bf5f
12-22 11:52:37 com_github_MitjaNemec_ReplicateLayout.replicate_layout 985:Src text UUid:3955633e-2049-4dde-a2af-36bbf9a846bc
12-22 11:52:37 com_github_MitjaNemec_ReplicateLayout.replicate_layout 986:Dst text UUid:0a0f4c62-5428-498f-af23-e88162bfe6e8
12-22 11:52:37 com_github_MitjaNemec_ReplicateLayout.replicate_layout 985:Src text UUid:7fab1127-fdf2-4a71-929e-c9edeafce907
12-22 11:52:37 com_github_MitjaNemec_ReplicateLayout.replicate_layout 986:Dst text UUid:ea47e7cd-3273-4a91-ac77-9d8a12a54e04
12-22 11:52:37 com_github_MitjaNemec_ReplicateLayout.replicate_layout 985:Src text UUid:86704a3c-9694-42ab-8c5e-ebb017c3cc00
12-22 11:52:37 com_github_MitjaNemec_ReplicateLayout.replicate_layout 986:Dst text UUid:5801d18e-1656-40f4-9b2b-f29e956fcabe
12-22 11:52:37 com_github_MitjaNemec_ReplicateLayout.replicate_layout 985:Src text UUid:31f11364-a943-40b6-bc22-1194a866f043
12-22 11:52:37 com_github_MitjaNemec_ReplicateLayout.replicate_layout 986:Dst text UUid:b2f5bc34-76a3-4f43-acc6-e576aacd04b9
12-22 11:52:37 com_github_MitjaNemec_ReplicateLayout.replicate_layout 985:Src text UUid:31b05304-a956-4fc4-a362-1c99570b06a2
12-22 11:52:37 com_github_MitjaNemec_ReplicateLayout.replicate_layout 986:Dst text UUid:7467aee4-4c68-4e06-80a8-565634a985e7
12-22 11:52:37 com_github_MitjaNemec_ReplicateLayout.replicate_layout 985:Src text UUid:7de12e55-ab61-4d5b-9dbe-f3bdfe42ebed
12-22 11:52:37 com_github_MitjaNemec_ReplicateLayout.replicate_layout 986:Dst text UUid:ad6f4ff7-2676-4156-a322-5f3ea5882d21
12-22 11:52:37 com_github_MitjaNemec_ReplicateLayout.replicate_layout 985:Src text UUid:fca93964-03d0-44f6-8483-e136361a0ef0
12-22 11:52:37 com_github_MitjaNemec_ReplicateLayout.replicate_layout 986:Dst text UUid:c3239b83-6f13-4cbb-a19e-d4444eeaca9f
12-22 11:52:37 com_github_MitjaNemec_ReplicateLayout.replicate_layout 985:Src text UUid:da35a259-5020-4922-b03d-6a6122b8203a
12-22 11:52:37 com_github_MitjaNemec_ReplicateLayout.replicate_layout 986:Dst text UUid:42bb8791-9a71-4860-9d1f-3512d80ca025
12-22 11:52:37 com_github_MitjaNemec_ReplicateLayout.replicate_layout 985:Src text UUid:786b1551-1490-48dd-82b4-07260fdaf464
12-22 11:52:37 com_github_MitjaNemec_ReplicateLayout.replicate_layout 986:Dst text UUid:46e3291b-e0e5-4ea4-9a0f-e001b5b1978e
12-22 11:52:37 com_github_MitjaNemec_ReplicateLayout.replicate_layout 985:Src text UUid:afadc0cd-daa9-44e8-9bb3-24e9c0a6841e
12-22 11:52:37 com_github_MitjaNemec_ReplicateLayout.replicate_layout 986:Dst text UUid:82d5360d-ef2f-47a6-bee0-1793dbf27126
12-22 11:52:37 com_github_MitjaNemec_ReplicateLayout.replicate_layout 985:Src text UUid:b1f855e3-2db1-4bc2-b8c8-a13e067b5be7
12-22 11:52:37 com_github_MitjaNemec_ReplicateLayout.replicate_layout 986:Dst text UUid:b8fbd54f-168a-429f-bdd3-1c5f0befd8e1
12-22 11:52:37 com_github_MitjaNemec_ReplicateLayout.replicate_layout 985:Src text UUid:327b2c25-b4d0-4e0b-9ca8-b0e3f9c51fca
12-22 11:52:37 com_github_MitjaNemec_ReplicateLayout.replicate_layout 986:Dst text UUid:abe35a97-ce31-4707-a1b7-46e89416d1fe
12-22 11:52:37 com_github_MitjaNemec_ReplicateLayout.replicate_layout 985:Src text UUid:38fb803b-0df0-466d-818b-f30817c26a8a
12-22 11:52:37 com_github_MitjaNemec_ReplicateLayout.replicate_layout 986:Dst text UUid:dcc312f2-6e21-42b3-854f-913ecdd651d6
12-22 11:52:37 com_github_MitjaNemec_ReplicateLayout.replicate_layout 985:Src text UUid:fbc0968e-468f-49d7-b897-1637679431f2
12-22 11:52:37 com_github_MitjaNemec_ReplicateLayout.replicate_layout 986:Dst text UUid:2b2bb608-312a-4bb0-b44a-5d3ebfd55127
12-22 11:52:37 com_github_MitjaNemec_ReplicateLayout.replicate_layout 985:Src text UUid:5d4d37bf-6900-47c7-a68a-78a622926a9e
12-22 11:52:37 com_github_MitjaNemec_ReplicateLayout.replicate_layout 986:Dst text UUid:a79c6ec7-6d16-4223-8a8a-cb6a2b24348a
12-22 11:52:37 com_github_MitjaNemec_ReplicateLayout.replicate_layout 985:Src text UUid:0b3f626f-7684-4897-a47a-a87405437065
12-22 11:52:37 com_github_MitjaNemec_ReplicateLayout.replicate_layout 986:Dst text UUid:95167766-eb19-4bfa-998f-4e7c30421334
12-22 11:52:37 com_github_MitjaNemec_ReplicateLayout.replicate_layout 985:Src text UUid:8ce8b482-388f-4684-a219-3219817179e7
12-22 11:52:37 com_github_MitjaNemec_ReplicateLayout.replicate_layout 986:Dst text UUid:5713a05b-6a4f-4397-8aff-d3d202d8f25e
12-22 11:52:37 com_github_MitjaNemec_ReplicateLayout.replicate_layout 985:Src text UUid:f91527e2-c1b0-4f1f-be42-743af1d0b1ae
12-22 11:52:37 com_github_MitjaNemec_ReplicateLayout.replicate_layout 986:Dst text UUid:dd1108fa-feee-45fa-a483-f3819a0e6182
12-22 11:52:37 com_github_MitjaNemec_ReplicateLayout.replicate_layout 985:Src text UUid:757f0d28-a372-4119-9228-19ed88bd8456
12-22 11:52:37 com_github_MitjaNemec_ReplicateLayout.replicate_layout 986:Dst text UUid:ff9175b2-83c5-4241-92cc-c0f60d2bd2cd
12-22 11:52:37 com_github_MitjaNemec_ReplicateLayout.replicate_layout 985:Src text UUid:bebfec9f-40de-4f50-8d20-6f1c3e381427
12-22 11:52:37 com_github_MitjaNemec_ReplicateLayout.replicate_layout 986:Dst text UUid:9e677cdf-25dd-44ab-ae29-74af3c7852ec
12-22 11:52:37 com_github_MitjaNemec_ReplicateLayout.replicate_layout 985:Src text UUid:1e74a5bc-cc30-4f7b-9430-ecc86426a5f7
12-22 11:52:37 com_github_MitjaNemec_ReplicateLayout.replicate_layout 986:Dst text UUid:4a5fbd73-af9c-4da8-9cd6-fe774c195d68
12-22 11:52:37 com_github_MitjaNemec_ReplicateLayout.replicate_layout 985:Src text UUid:0fea301d-311c-4c1f-9857-e5e8dda31d01
12-22 11:52:37 com_github_MitjaNemec_ReplicateLayout.replicate_layout 986:Dst text UUid:e2b2097a-5135-4c48-9f21-545ae1a86e6e
12-22 11:52:37 com_github_MitjaNemec_ReplicateLayout.replicate_layout 985:Src text UUid:0a115a9c-5d9f-4178-8bcb-fe9c7415b5ec
12-22 11:52:37 com_github_MitjaNemec_ReplicateLayout.replicate_layout 986:Dst text UUid:d45b5df3-55b0-4bdb-b49b-198c86a034d6
12-22 11:52:37 com_github_MitjaNemec_ReplicateLayout.replicate_layout 985:Src text UUid:68fdbb07-b2bb-4a7b-9967-96bebbb010b9
12-22 11:52:37 com_github_MitjaNemec_ReplicateLayout.replicate_layout 986:Dst text UUid:264ec472-ab1c-4cae-bf66-bfc5433a7f8c
12-22 11:52:37 com_github_MitjaNemec_ReplicateLayout.replicate_layout 985:Src text UUid:ced60b60-d3cb-4323-8f1a-700425f1ddd3
12-22 11:52:37 com_github_MitjaNemec_ReplicateLayout.replicate_layout 986:Dst text UUid:261ffc9a-d53e-42ce-966f-d07eb6d0b45b
12-22 11:52:37 com_github_MitjaNemec_ReplicateLayout.replicate_layout 985:Src text UUid:53cdee14-fc2b-4ac8-9572-e7d1ed14daab
12-22 11:52:37 com_github_MitjaNemec_ReplicateLayout.replicate_layout 986:Dst text UUid:e7deca87-61cd-4ae7-8be3-6d0c2e733e49
12-22 11:52:37 com_github_MitjaNemec_ReplicateLayout.replicate_layout 985:Src text UUid:800dba8f-e2d0-49e0-a831-e67c2087b994
12-22 11:52:37 com_github_MitjaNemec_ReplicateLayout.replicate_layout 986:Dst text UUid:42938715-a2bd-4af4-baa8-181acaf283f9
12-22 11:52:37 com_github_MitjaNemec_ReplicateLayout.replicate_layout 985:Src text UUid:3672fc55-a7cc-4322-9739-0890078f4575
12-22 11:52:37 com_github_MitjaNemec_ReplicateLayout.replicate_layout 986:Dst text UUid:53ac45a5-9e19-46d8-8689-644e03d9a27c
12-22 11:52:37 com_github_MitjaNemec_ReplicateLayout.replicate_layout 985:Src text UUid:24379094-4f51-4585-9ee8-298bd9a4923d
12-22 11:52:37 com_github_MitjaNemec_ReplicateLayout.replicate_layout 986:Dst text UUid:8cd2024f-109a-4495-973a-a7e01a377ebd
12-22 11:52:37 com_github_MitjaNemec_ReplicateLayout.replicate_layout 985:Src text UUid:496a9a1f-985c-4cb6-8325-1d8f16647a32
12-22 11:52:37 com_github_MitjaNemec_ReplicateLayout.replicate_layout 986:Dst text UUid:756281cf-8bc6-40f8-91e4-db3851f87029
12-22 11:52:37 com_github_MitjaNemec_ReplicateLayout.replicate_layout 985:Src text UUid:664d5f48-c5df-4948-8ca2-3db94a66a07c
12-22 11:52:37 com_github_MitjaNemec_ReplicateLayout.replicate_layout 986:Dst text UUid:6dc7c18e-d604-465b-adc5-232624e7c0b5
12-22 11:52:37 com_github_MitjaNemec_ReplicateLayout.replicate_layout 985:Src text UUid:d3aaf56f-3594-4fa6-9e5a-fafc7bdb76be
12-22 11:52:37 com_github_MitjaNemec_ReplicateLayout.replicate_layout 986:Dst text UUid:fe8dc154-c817-4645-bf20-378a3381319d
12-22 11:52:37 com_github_MitjaNemec_ReplicateLayout.replicate_layout 985:Src text UUid:7974b0c1-9174-4a2c-876c-2c6dce76c130
12-22 11:52:37 com_github_MitjaNemec_ReplicateLayout.replicate_layout 986:Dst text UUid:f1fcb3eb-dcaf-46f7-ae90-de5107d1359a
12-22 11:52:37 com_github_MitjaNemec_ReplicateLayout.replicate_layout 985:Src text UUid:41754246-faf6-49d6-bbb1-50fbef0a9009
12-22 11:52:37 com_github_MitjaNemec_ReplicateLayout.replicate_layout 986:Dst text UUid:83ed5352-5540-4f87-bae6-68b32eef04a5
12-22 11:52:37 com_github_MitjaNemec_ReplicateLayout.replicate_layout 985:Src text UUid:7dea0cde-1818-44f3-827c-325f4d1e0b54
12-22 11:52:37 com_github_MitjaNemec_ReplicateLayout.replicate_layout 986:Dst text UUid:29e3e5b3-7d70-49d9-bf24-7615066daead
12-22 11:52:37 com_github_MitjaNemec_ReplicateLayout.replicate_layout 985:Src text UUid:7622c6b0-5b60-4a84-891d-6f2684b6e716
12-22 11:52:37 com_github_MitjaNemec_ReplicateLayout.replicate_layout 986:Dst text UUid:dd264679-6481-4ad4-80a4-1e18b9beac36
12-22 11:52:37 com_github_MitjaNemec_ReplicateLayout.replicate_layout 868:Replicating footprints on sheet ['Encoder2']
12-22 11:52:37 com_github_MitjaNemec_ReplicateLayout.replicate_layout 985:Src text UUid:c85389e7-f71f-400a-9ba5-0f038882d586
12-22 11:52:37 com_github_MitjaNemec_ReplicateLayout.replicate_layout 986:Dst text UUid:a843d20d-261e-4180-b3bb-af568cddbe26
12-22 11:52:37 com_github_MitjaNemec_ReplicateLayout.replicate_layout 985:Src text UUid:fa02550c-309e-4df9-bb64-af2da1f1b460
12-22 11:52:37 com_github_MitjaNemec_ReplicateLayout.replicate_layout 986:Dst text UUid:4135f209-0de8-4701-bb01-42ef2cba5231
12-22 11:52:37 com_github_MitjaNemec_ReplicateLayout.replicate_layout 985:Src text UUid:7d210d6a-ccfd-4f2e-b0fb-d5748b05fbc0
12-22 11:52:37 com_github_MitjaNemec_ReplicateLayout.replicate_layout 986:Dst text UUid:a326006e-15f9-4605-83f1-96d53a96e19c
12-22 11:52:37 com_github_MitjaNemec_ReplicateLayout.replicate_layout 985:Src text UUid:53003272-4b3b-4d65-a23f-5d5580c3b546
12-22 11:52:37 com_github_MitjaNemec_ReplicateLayout.replicate_layout 986:Dst text UUid:5b72361e-3ba5-465d-8fde-dc4f2e1a9726
12-22 11:52:37 com_github_MitjaNemec_ReplicateLayout.replicate_layout 985:Src text UUid:769447de-4158-4b15-be66-17165ad16d75
12-22 11:52:37 com_github_MitjaNemec_ReplicateLayout.replicate_layout 986:Dst text UUid:312c061c-ccfa-4747-bce9-e75e978a18ed
12-22 11:52:37 com_github_MitjaNemec_ReplicateLayout.replicate_layout 985:Src text UUid:a712a18e-fcac-4aff-8e80-61dc230ce34d
12-22 11:52:37 com_github_MitjaNemec_ReplicateLayout.replicate_layout 986:Dst text UUid:046d11ed-dcf4-4015-b522-27a35f667318
12-22 11:52:37 com_github_MitjaNemec_ReplicateLayout.replicate_layout 985:Src text UUid:3583d1c5-8743-468d-8ad8-6c8c1c9e0f75
12-22 11:52:37 com_github_MitjaNemec_ReplicateLayout.replicate_layout 986:Dst text UUid:02d30e0b-887e-4ff6-a2dc-fa1799192e76
12-22 11:52:37 com_github_MitjaNemec_ReplicateLayout.replicate_layout 985:Src text UUid:d2d1b01f-5b0c-4019-b94f-7f9c634335a0
12-22 11:52:37 com_github_MitjaNemec_ReplicateLayout.replicate_layout 986:Dst text UUid:a45a039e-66d6-4b62-9248-302d57b461c5
12-22 11:52:37 com_github_MitjaNemec_ReplicateLayout.replicate_layout 985:Src text UUid:3948a9d4-2fc3-458f-a929-8892eb6a719f
12-22 11:52:37 com_github_MitjaNemec_ReplicateLayout.replicate_layout 986:Dst text UUid:7ab07efa-3a2e-4df4-8373-05f6e9f9690f
12-22 11:52:37 com_github_MitjaNemec_ReplicateLayout.replicate_layout 985:Src text UUid:ca3cce5c-9ff5-43fa-86aa-26b4b83814d5
12-22 11:52:37 com_github_MitjaNemec_ReplicateLayout.replicate_layout 986:Dst text UUid:81c81818-9a12-4cc4-89f3-18e7399396ec
12-22 11:52:37 com_github_MitjaNemec_ReplicateLayout.replicate_layout 985:Src text UUid:45f661cc-531c-40b0-808d-1b8c08d64c70
12-22 11:52:37 com_github_MitjaNemec_ReplicateLayout.replicate_layout 986:Dst text UUid:d03afeef-af1e-452a-a61d-a4abb09031fe
12-22 11:52:37 com_github_MitjaNemec_ReplicateLayout.replicate_layout 985:Src text UUid:26080861-80f6-4f1d-b554-c6b2dd2fa1dd
12-22 11:52:37 com_github_MitjaNemec_ReplicateLayout.replicate_layout 986:Dst text UUid:82c59b5f-0ecf-44e7-a78c-b15d47a8256a
12-22 11:52:37 com_github_MitjaNemec_ReplicateLayout.replicate_layout 985:Src text UUid:94ab995a-9344-4f0c-bda7-67acd1c8ec04
12-22 11:52:37 com_github_MitjaNemec_ReplicateLayout.replicate_layout 986:Dst text UUid:651c62dc-e4fd-4de8-b3d5-d06f415de88f
12-22 11:52:37 com_github_MitjaNemec_ReplicateLayout.replicate_layout 985:Src text UUid:1b823bbf-c2d9-4a27-94ae-8f7f27ae4cae
12-22 11:52:37 com_github_MitjaNemec_ReplicateLayout.replicate_layout 986:Dst text UUid:5a8fe819-6a27-444f-b56c-d5254c6aeed1
12-22 11:52:37 com_github_MitjaNemec_ReplicateLayout.replicate_layout 985:Src text UUid:b7b57b94-a7f1-4777-9975-769d7d062f32
12-22 11:52:37 com_github_MitjaNemec_ReplicateLayout.replicate_layout 986:Dst text UUid:171077d2-df4a-4dcb-a410-5bd4c0ef1839
12-22 11:52:37 com_github_MitjaNemec_ReplicateLayout.replicate_layout 985:Src text UUid:3955633e-2049-4dde-a2af-36bbf9a846bc
12-22 11:52:37 com_github_MitjaNemec_ReplicateLayout.replicate_layout 986:Dst text UUid:eaa8ff6e-95fe-44a7-a3ca-f79400d729b9
12-22 11:52:37 com_github_MitjaNemec_ReplicateLayout.replicate_layout 985:Src text UUid:7fab1127-fdf2-4a71-929e-c9edeafce907
12-22 11:52:37 com_github_MitjaNemec_ReplicateLayout.replicate_layout 986:Dst text UUid:2b0dc984-e320-4225-9533-ee7ed46f05b4
12-22 11:52:37 com_github_MitjaNemec_ReplicateLayout.replicate_layout 985:Src text UUid:86704a3c-9694-42ab-8c5e-ebb017c3cc00
12-22 11:52:37 com_github_MitjaNemec_ReplicateLayout.replicate_layout 986:Dst text UUid:3619bae6-b365-4c68-8b19-28042a1bcf81
12-22 11:52:37 com_github_MitjaNemec_ReplicateLayout.replicate_layout 985:Src text UUid:31f11364-a943-40b6-bc22-1194a866f043
12-22 11:52:37 com_github_MitjaNemec_ReplicateLayout.replicate_layout 986:Dst text UUid:fc8633d0-ee98-43ec-82d4-cb5a6bc761d2
12-22 11:52:37 com_github_MitjaNemec_ReplicateLayout.replicate_layout 985:Src text UUid:31b05304-a956-4fc4-a362-1c99570b06a2
12-22 11:52:37 com_github_MitjaNemec_ReplicateLayout.replicate_layout 986:Dst text UUid:14b34230-e91d-4d4c-a862-9635f873bb3a
12-22 11:52:37 com_github_MitjaNemec_ReplicateLayout.replicate_layout 985:Src text UUid:7de12e55-ab61-4d5b-9dbe-f3bdfe42ebed
12-22 11:52:37 com_github_MitjaNemec_ReplicateLayout.replicate_layout 986:Dst text UUid:a44ac011-9411-47c9-8611-b064f9208647
12-22 11:52:37 com_github_MitjaNemec_ReplicateLayout.replicate_layout 985:Src text UUid:fca93964-03d0-44f6-8483-e136361a0ef0
12-22 11:52:37 com_github_MitjaNemec_ReplicateLayout.replicate_layout 986:Dst text UUid:a62033f6-ffca-41bb-b007-a126b0fbf784
12-22 11:52:37 com_github_MitjaNemec_ReplicateLayout.replicate_layout 985:Src text UUid:da35a259-5020-4922-b03d-6a6122b8203a
12-22 11:52:37 com_github_MitjaNemec_ReplicateLayout.replicate_layout 986:Dst text UUid:0423ca77-b3c0-4acc-9af4-e0e9727c8769
12-22 11:52:37 com_github_MitjaNemec_ReplicateLayout.replicate_layout 985:Src text UUid:786b1551-1490-48dd-82b4-07260fdaf464
12-22 11:52:37 com_github_MitjaNemec_ReplicateLayout.replicate_layout 986:Dst text UUid:5647758e-480c-466e-8b20-a1e97a85727c
12-22 11:52:37 com_github_MitjaNemec_ReplicateLayout.replicate_layout 985:Src text UUid:afadc0cd-daa9-44e8-9bb3-24e9c0a6841e
12-22 11:52:37 com_github_MitjaNemec_ReplicateLayout.replicate_layout 986:Dst text UUid:b4dced99-d818-4922-a562-d884e7d944fe
12-22 11:52:37 com_github_MitjaNemec_ReplicateLayout.replicate_layout 985:Src text UUid:b1f855e3-2db1-4bc2-b8c8-a13e067b5be7
12-22 11:52:37 com_github_MitjaNemec_ReplicateLayout.replicate_layout 986:Dst text UUid:c6e8b289-8b17-4d70-bcae-919a5aa98c6e
12-22 11:52:37 com_github_MitjaNemec_ReplicateLayout.replicate_layout 985:Src text UUid:327b2c25-b4d0-4e0b-9ca8-b0e3f9c51fca
12-22 11:52:37 com_github_MitjaNemec_ReplicateLayout.replicate_layout 986:Dst text UUid:e5362a4e-cc0d-4819-ac8f-59551344e259
12-22 11:52:37 com_github_MitjaNemec_ReplicateLayout.replicate_layout 985:Src text UUid:38fb803b-0df0-466d-818b-f30817c26a8a
12-22 11:52:37 com_github_MitjaNemec_ReplicateLayout.replicate_layout 986:Dst text UUid:1d6db75b-1d62-4cce-aa6a-733261ec62ff
12-22 11:52:37 com_github_MitjaNemec_ReplicateLayout.replicate_layout 985:Src text UUid:fbc0968e-468f-49d7-b897-1637679431f2
12-22 11:52:37 com_github_MitjaNemec_ReplicateLayout.replicate_layout 986:Dst text UUid:b06628f4-a3ab-4cc5-b33a-f7ae060feb9b
12-22 11:52:37 com_github_MitjaNemec_ReplicateLayout.replicate_layout 985:Src text UUid:5d4d37bf-6900-47c7-a68a-78a622926a9e
12-22 11:52:37 com_github_MitjaNemec_ReplicateLayout.replicate_layout 986:Dst text UUid:f3a8aa82-c641-4a9a-bed5-74dc085fbbc4
12-22 11:52:37 com_github_MitjaNemec_ReplicateLayout.replicate_layout 985:Src text UUid:0b3f626f-7684-4897-a47a-a87405437065
12-22 11:52:37 com_github_MitjaNemec_ReplicateLayout.replicate_layout 986:Dst text UUid:6b2b8b5b-85df-4136-8b6a-0a535c2fc8b0
12-22 11:52:37 com_github_MitjaNemec_ReplicateLayout.replicate_layout 985:Src text UUid:8ce8b482-388f-4684-a219-3219817179e7
12-22 11:52:37 com_github_MitjaNemec_ReplicateLayout.replicate_layout 986:Dst text UUid:182f5c89-e849-4944-b80c-4fcdc06b61ae
12-22 11:52:37 com_github_MitjaNemec_ReplicateLayout.replicate_layout 985:Src text UUid:f91527e2-c1b0-4f1f-be42-743af1d0b1ae
12-22 11:52:37 com_github_MitjaNemec_ReplicateLayout.replicate_layout 986:Dst text UUid:2b886f64-f954-4278-9812-534b1c50d123
12-22 11:52:37 com_github_MitjaNemec_ReplicateLayout.replicate_layout 985:Src text UUid:757f0d28-a372-4119-9228-19ed88bd8456
12-22 11:52:37 com_github_MitjaNemec_ReplicateLayout.replicate_layout 986:Dst text UUid:743c1bbe-d2ac-4c3d-bc3b-8b15e92afd81
12-22 11:52:37 com_github_MitjaNemec_ReplicateLayout.replicate_layout 985:Src text UUid:bebfec9f-40de-4f50-8d20-6f1c3e381427
12-22 11:52:37 com_github_MitjaNemec_ReplicateLayout.replicate_layout 986:Dst text UUid:cbd4f166-605b-496b-8cf1-1a45734f1977
12-22 11:52:37 com_github_MitjaNemec_ReplicateLayout.replicate_layout 985:Src text UUid:1e74a5bc-cc30-4f7b-9430-ecc86426a5f7
12-22 11:52:37 com_github_MitjaNemec_ReplicateLayout.replicate_layout 986:Dst text UUid:cbf70e01-0ebc-40df-a145-2bb1478ccbf2
12-22 11:52:37 com_github_MitjaNemec_ReplicateLayout.replicate_layout 985:Src text UUid:0fea301d-311c-4c1f-9857-e5e8dda31d01
12-22 11:52:37 com_github_MitjaNemec_ReplicateLayout.replicate_layout 986:Dst text UUid:fb151649-85f1-468c-9a43-772a71e34343
12-22 11:52:37 com_github_MitjaNemec_ReplicateLayout.replicate_layout 985:Src text UUid:0a115a9c-5d9f-4178-8bcb-fe9c7415b5ec
12-22 11:52:37 com_github_MitjaNemec_ReplicateLayout.replicate_layout 986:Dst text UUid:c2fb2508-884d-4276-8c2f-e605ff800792
12-22 11:52:37 com_github_MitjaNemec_ReplicateLayout.replicate_layout 985:Src text UUid:68fdbb07-b2bb-4a7b-9967-96bebbb010b9
12-22 11:52:37 com_github_MitjaNemec_ReplicateLayout.replicate_layout 986:Dst text UUid:8a5e6522-1406-4244-9f02-61d4f91f5e01
12-22 11:52:37 com_github_MitjaNemec_ReplicateLayout.replicate_layout 985:Src text UUid:ced60b60-d3cb-4323-8f1a-700425f1ddd3
12-22 11:52:37 com_github_MitjaNemec_ReplicateLayout.replicate_layout 986:Dst text UUid:85fe7121-647e-4257-a762-7fe0d5c41204
12-22 11:52:37 com_github_MitjaNemec_ReplicateLayout.replicate_layout 985:Src text UUid:53cdee14-fc2b-4ac8-9572-e7d1ed14daab
12-22 11:52:37 com_github_MitjaNemec_ReplicateLayout.replicate_layout 986:Dst text UUid:ddcee537-f1d8-43c8-8081-69ab8a0e72ac
12-22 11:52:37 com_github_MitjaNemec_ReplicateLayout.replicate_layout 985:Src text UUid:800dba8f-e2d0-49e0-a831-e67c2087b994
12-22 11:52:37 com_github_MitjaNemec_ReplicateLayout.replicate_layout 986:Dst text UUid:fcf0eabe-0fa9-42c8-b6fa-b5cc95526fe4
12-22 11:52:37 com_github_MitjaNemec_ReplicateLayout.replicate_layout 985:Src text UUid:3672fc55-a7cc-4322-9739-0890078f4575
12-22 11:52:37 com_github_MitjaNemec_ReplicateLayout.replicate_layout 986:Dst text UUid:22940242-3c73-4bc4-9d61-8326e999d1cd
12-22 11:52:37 com_github_MitjaNemec_ReplicateLayout.replicate_layout 985:Src text UUid:24379094-4f51-4585-9ee8-298bd9a4923d
12-22 11:52:37 com_github_MitjaNemec_ReplicateLayout.replicate_layout 986:Dst text UUid:d9729c42-4bec-4722-a3d3-4226a35986a2
12-22 11:52:37 com_github_MitjaNemec_ReplicateLayout.replicate_layout 985:Src text UUid:496a9a1f-985c-4cb6-8325-1d8f16647a32
12-22 11:52:37 com_github_MitjaNemec_ReplicateLayout.replicate_layout 986:Dst text UUid:e38c8283-4e4b-4d86-b3d8-387696212e19
12-22 11:52:37 com_github_MitjaNemec_ReplicateLayout.replicate_layout 985:Src text UUid:664d5f48-c5df-4948-8ca2-3db94a66a07c
12-22 11:52:37 com_github_MitjaNemec_ReplicateLayout.replicate_layout 986:Dst text UUid:3dc31fff-73ac-446c-b16f-722b1cf53967
12-22 11:52:37 com_github_MitjaNemec_ReplicateLayout.replicate_layout 985:Src text UUid:d3aaf56f-3594-4fa6-9e5a-fafc7bdb76be
12-22 11:52:37 com_github_MitjaNemec_ReplicateLayout.replicate_layout 986:Dst text UUid:da45492e-ad22-4f9e-b392-8a52a310c364
12-22 11:52:37 com_github_MitjaNemec_ReplicateLayout.replicate_layout 985:Src text UUid:7974b0c1-9174-4a2c-876c-2c6dce76c130
12-22 11:52:37 com_github_MitjaNemec_ReplicateLayout.replicate_layout 986:Dst text UUid:f5f3f9dd-09eb-4f8d-a670-5e2d6b136b66
12-22 11:52:37 com_github_MitjaNemec_ReplicateLayout.replicate_layout 985:Src text UUid:41754246-faf6-49d6-bbb1-50fbef0a9009
12-22 11:52:37 com_github_MitjaNemec_ReplicateLayout.replicate_layout 986:Dst text UUid:d2a03cba-6c81-431a-8c05-e7525149fa20
12-22 11:52:37 com_github_MitjaNemec_ReplicateLayout.replicate_layout 985:Src text UUid:7dea0cde-1818-44f3-827c-325f4d1e0b54
12-22 11:52:37 com_github_MitjaNemec_ReplicateLayout.replicate_layout 986:Dst text UUid:d411bd65-d630-4d7a-9bdd-a90543e571fd
12-22 11:52:37 com_github_MitjaNemec_ReplicateLayout.replicate_layout 985:Src text UUid:7622c6b0-5b60-4a84-891d-6f2684b6e716
12-22 11:52:37 com_github_MitjaNemec_ReplicateLayout.replicate_layout 986:Dst text UUid:83add077-e432-4283-8e3b-1e25dabae2fe
12-22 11:52:37 com_github_MitjaNemec_ReplicateLayout.replicate_layout 868:Replicating footprints on sheet ['Encoder3']
12-22 11:52:37 com_github_MitjaNemec_ReplicateLayout.replicate_layout 985:Src text UUid:c85389e7-f71f-400a-9ba5-0f038882d586
12-22 11:52:37 com_github_MitjaNemec_ReplicateLayout.replicate_layout 986:Dst text UUid:3841029e-38ea-4d1f-a4e8-85d04aeb93bb
12-22 11:52:37 com_github_MitjaNemec_ReplicateLayout.replicate_layout 985:Src text UUid:fa02550c-309e-4df9-bb64-af2da1f1b460
12-22 11:52:37 com_github_MitjaNemec_ReplicateLayout.replicate_layout 986:Dst text UUid:ea96f194-3b2c-4676-a5ca-8cba87d5796b
12-22 11:52:37 com_github_MitjaNemec_ReplicateLayout.replicate_layout 985:Src text UUid:7d210d6a-ccfd-4f2e-b0fb-d5748b05fbc0
12-22 11:52:37 com_github_MitjaNemec_ReplicateLayout.replicate_layout 986:Dst text UUid:225f0e1c-a5aa-410d-a7ce-3185b56e9266
12-22 11:52:37 com_github_MitjaNemec_ReplicateLayout.replicate_layout 985:Src text UUid:53003272-4b3b-4d65-a23f-5d5580c3b546
12-22 11:52:37 com_github_MitjaNemec_ReplicateLayout.replicate_layout 986:Dst text UUid:bdfd0070-4844-4946-ab13-175a5a2887b9
12-22 11:52:37 com_github_MitjaNemec_ReplicateLayout.replicate_layout 985:Src text UUid:769447de-4158-4b15-be66-17165ad16d75
12-22 11:52:37 com_github_MitjaNemec_ReplicateLayout.replicate_layout 986:Dst text UUid:ab06b26d-f6ed-4258-bb27-fd272e5890c6
12-22 11:52:37 com_github_MitjaNemec_ReplicateLayout.replicate_layout 985:Src text UUid:a712a18e-fcac-4aff-8e80-61dc230ce34d
12-22 11:52:37 com_github_MitjaNemec_ReplicateLayout.replicate_layout 986:Dst text UUid:e689ca74-a297-431a-80ce-ed5dde9799fc
12-22 11:52:37 com_github_MitjaNemec_ReplicateLayout.replicate_layout 985:Src text UUid:3583d1c5-8743-468d-8ad8-6c8c1c9e0f75
12-22 11:52:37 com_github_MitjaNemec_ReplicateLayout.replicate_layout 986:Dst text UUid:f22a59be-dc8d-4513-aff2-e15bd6396979
12-22 11:52:37 com_github_MitjaNemec_ReplicateLayout.replicate_layout 985:Src text UUid:d2d1b01f-5b0c-4019-b94f-7f9c634335a0
12-22 11:52:37 com_github_MitjaNemec_ReplicateLayout.replicate_layout 986:Dst text UUid:73d1ae6c-b623-4635-9277-63f984e9af5a
12-22 11:52:37 com_github_MitjaNemec_ReplicateLayout.replicate_layout 985:Src text UUid:3948a9d4-2fc3-458f-a929-8892eb6a719f
12-22 11:52:37 com_github_MitjaNemec_ReplicateLayout.replicate_layout 986:Dst text UUid:63652638-33bf-490a-b489-3b3cdea36698
12-22 11:52:37 com_github_MitjaNemec_ReplicateLayout.replicate_layout 985:Src text UUid:ca3cce5c-9ff5-43fa-86aa-26b4b83814d5
12-22 11:52:37 com_github_MitjaNemec_ReplicateLayout.replicate_layout 986:Dst text UUid:f324bf0e-e71c-47b8-a040-e64355700c9b
12-22 11:52:37 com_github_MitjaNemec_ReplicateLayout.replicate_layout 985:Src text UUid:45f661cc-531c-40b0-808d-1b8c08d64c70
12-22 11:52:37 com_github_MitjaNemec_ReplicateLayout.replicate_layout 986:Dst text UUid:a922a1a1-5dcd-4bd7-aae7-5c8a36de7b4f
12-22 11:52:37 com_github_MitjaNemec_ReplicateLayout.replicate_layout 985:Src text UUid:26080861-80f6-4f1d-b554-c6b2dd2fa1dd
12-22 11:52:37 com_github_MitjaNemec_ReplicateLayout.replicate_layout 986:Dst text UUid:58022f27-1af1-462f-8494-194732a2d8d1
12-22 11:52:37 com_github_MitjaNemec_ReplicateLayout.replicate_layout 985:Src text UUid:94ab995a-9344-4f0c-bda7-67acd1c8ec04
12-22 11:52:37 com_github_MitjaNemec_ReplicateLayout.replicate_layout 986:Dst text UUid:0ededdb3-e9e8-49ef-9e21-c400f06e3a53
12-22 11:52:37 com_github_MitjaNemec_ReplicateLayout.replicate_layout 985:Src text UUid:1b823bbf-c2d9-4a27-94ae-8f7f27ae4cae
12-22 11:52:37 com_github_MitjaNemec_ReplicateLayout.replicate_layout 986:Dst text UUid:ab49c406-6826-412d-a0ed-b52bcad75dda
12-22 11:52:37 com_github_MitjaNemec_ReplicateLayout.replicate_layout 985:Src text UUid:b7b57b94-a7f1-4777-9975-769d7d062f32
12-22 11:52:37 com_github_MitjaNemec_ReplicateLayout.replicate_layout 986:Dst text UUid:ca52d82a-4622-4dc4-b95d-2d2ce3f486dc
12-22 11:52:37 com_github_MitjaNemec_ReplicateLayout.replicate_layout 985:Src text UUid:3955633e-2049-4dde-a2af-36bbf9a846bc
12-22 11:52:37 com_github_MitjaNemec_ReplicateLayout.replicate_layout 986:Dst text UUid:0bebf1dd-0632-4552-9a77-25447ec4ffc4
12-22 11:52:37 com_github_MitjaNemec_ReplicateLayout.replicate_layout 985:Src text UUid:7fab1127-fdf2-4a71-929e-c9edeafce907
12-22 11:52:37 com_github_MitjaNemec_ReplicateLayout.replicate_layout 986:Dst text UUid:784692ac-8883-4868-a40d-7f63c2d7e3e1
12-22 11:52:37 com_github_MitjaNemec_ReplicateLayout.replicate_layout 985:Src text UUid:86704a3c-9694-42ab-8c5e-ebb017c3cc00
12-22 11:52:37 com_github_MitjaNemec_ReplicateLayout.replicate_layout 986:Dst text UUid:e7b3aca8-3fac-4de3-b919-7ea2f26193aa
12-22 11:52:37 com_github_MitjaNemec_ReplicateLayout.replicate_layout 985:Src text UUid:31f11364-a943-40b6-bc22-1194a866f043
12-22 11:52:37 com_github_MitjaNemec_ReplicateLayout.replicate_layout 986:Dst text UUid:0aa8cfc6-d5d6-4333-b7d0-dc75cc645c11
12-22 11:52:37 com_github_MitjaNemec_ReplicateLayout.replicate_layout 985:Src text UUid:31b05304-a956-4fc4-a362-1c99570b06a2
12-22 11:52:37 com_github_MitjaNemec_ReplicateLayout.replicate_layout 986:Dst text UUid:b077b034-1495-4f2d-b075-98d372dde4cf
12-22 11:52:37 com_github_MitjaNemec_ReplicateLayout.replicate_layout 985:Src text UUid:7de12e55-ab61-4d5b-9dbe-f3bdfe42ebed
12-22 11:52:37 com_github_MitjaNemec_ReplicateLayout.replicate_layout 986:Dst text UUid:3a0ce1b7-e94e-441b-b5ab-b9943dccc5a4
12-22 11:52:37 com_github_MitjaNemec_ReplicateLayout.replicate_layout 985:Src text UUid:fca93964-03d0-44f6-8483-e136361a0ef0
12-22 11:52:37 com_github_MitjaNemec_ReplicateLayout.replicate_layout 986:Dst text UUid:402d5294-73e6-4eb3-a234-17c94765f3eb
12-22 11:52:37 com_github_MitjaNemec_ReplicateLayout.replicate_layout 985:Src text UUid:da35a259-5020-4922-b03d-6a6122b8203a
12-22 11:52:37 com_github_MitjaNemec_ReplicateLayout.replicate_layout 986:Dst text UUid:9bbeda58-3f4d-4556-a803-ba4926f1653e
12-22 11:52:37 com_github_MitjaNemec_ReplicateLayout.replicate_layout 985:Src text UUid:786b1551-1490-48dd-82b4-07260fdaf464
12-22 11:52:37 com_github_MitjaNemec_ReplicateLayout.replicate_layout 986:Dst text UUid:7418ae0d-b3d1-4cfe-8f98-fd1b260daa5b
12-22 11:52:37 com_github_MitjaNemec_ReplicateLayout.replicate_layout 985:Src text UUid:afadc0cd-daa9-44e8-9bb3-24e9c0a6841e
12-22 11:52:37 com_github_MitjaNemec_ReplicateLayout.replicate_layout 986:Dst text UUid:93c140f1-912c-4b4c-b40e-76204a430df2
12-22 11:52:37 com_github_MitjaNemec_ReplicateLayout.replicate_layout 985:Src text UUid:b1f855e3-2db1-4bc2-b8c8-a13e067b5be7
12-22 11:52:37 com_github_MitjaNemec_ReplicateLayout.replicate_layout 986:Dst text UUid:03ebe868-84c0-4610-8752-30117bd6e869
12-22 11:52:37 com_github_MitjaNemec_ReplicateLayout.replicate_layout 985:Src text UUid:327b2c25-b4d0-4e0b-9ca8-b0e3f9c51fca
12-22 11:52:37 com_github_MitjaNemec_ReplicateLayout.replicate_layout 986:Dst text UUid:fb0e82f2-0572-47d5-b919-df6caf48fe36
12-22 11:52:37 com_github_MitjaNemec_ReplicateLayout.replicate_layout 985:Src text UUid:38fb803b-0df0-466d-818b-f30817c26a8a
12-22 11:52:37 com_github_MitjaNemec_ReplicateLayout.replicate_layout 986:Dst text UUid:e3bf2c7d-2171-478d-b5ab-8e91f93e7eaa
12-22 11:52:37 com_github_MitjaNemec_ReplicateLayout.replicate_layout 985:Src text UUid:fbc0968e-468f-49d7-b897-1637679431f2
12-22 11:52:37 com_github_MitjaNemec_ReplicateLayout.replicate_layout 986:Dst text UUid:a9290bef-3dae-47cd-b251-777cef8e356b
12-22 11:52:37 com_github_MitjaNemec_ReplicateLayout.replicate_layout 985:Src text UUid:5d4d37bf-6900-47c7-a68a-78a622926a9e
12-22 11:52:37 com_github_MitjaNemec_ReplicateLayout.replicate_layout 986:Dst text UUid:eddae7da-151b-47b6-9cb5-1b7aa47049aa
12-22 11:52:37 com_github_MitjaNemec_ReplicateLayout.replicate_layout 985:Src text UUid:0b3f626f-7684-4897-a47a-a87405437065
12-22 11:52:37 com_github_MitjaNemec_ReplicateLayout.replicate_layout 986:Dst text UUid:6ae34697-9e59-44ab-8116-10d98f449db2
12-22 11:52:37 com_github_MitjaNemec_ReplicateLayout.replicate_layout 985:Src text UUid:8ce8b482-388f-4684-a219-3219817179e7
12-22 11:52:37 com_github_MitjaNemec_ReplicateLayout.replicate_layout 986:Dst text UUid:daa7cffb-26aa-41e4-923e-d009183cb802
12-22 11:52:37 com_github_MitjaNemec_ReplicateLayout.replicate_layout 985:Src text UUid:f91527e2-c1b0-4f1f-be42-743af1d0b1ae
12-22 11:52:37 com_github_MitjaNemec_ReplicateLayout.replicate_layout 986:Dst text UUid:a6170422-224e-4f4d-b631-f59e1e151e95
12-22 11:52:37 com_github_MitjaNemec_ReplicateLayout.replicate_layout 985:Src text UUid:757f0d28-a372-4119-9228-19ed88bd8456
12-22 11:52:37 com_github_MitjaNemec_ReplicateLayout.replicate_layout 986:Dst text UUid:44b1732a-0190-4bfe-b889-c20f53346e25
12-22 11:52:37 com_github_MitjaNemec_ReplicateLayout.replicate_layout 985:Src text UUid:bebfec9f-40de-4f50-8d20-6f1c3e381427
12-22 11:52:37 com_github_MitjaNemec_ReplicateLayout.replicate_layout 986:Dst text UUid:c7a5fe74-7b45-4849-891d-95fc9105258b
12-22 11:52:37 com_github_MitjaNemec_ReplicateLayout.replicate_layout 985:Src text UUid:1e74a5bc-cc30-4f7b-9430-ecc86426a5f7
12-22 11:52:37 com_github_MitjaNemec_ReplicateLayout.replicate_layout 986:Dst text UUid:ebf75ff2-087c-46e0-add3-0ed1747484f3
12-22 11:52:37 com_github_MitjaNemec_ReplicateLayout.replicate_layout 985:Src text UUid:0fea301d-311c-4c1f-9857-e5e8dda31d01
12-22 11:52:37 com_github_MitjaNemec_ReplicateLayout.replicate_layout 986:Dst text UUid:bd37a749-019c-4db8-bb4a-15bf67d7ffc1
12-22 11:52:37 com_github_MitjaNemec_ReplicateLayout.replicate_layout 985:Src text UUid:0a115a9c-5d9f-4178-8bcb-fe9c7415b5ec
12-22 11:52:37 com_github_MitjaNemec_ReplicateLayout.replicate_layout 986:Dst text UUid:c17fa0f7-c93f-40c7-887f-62be0cba9a82
12-22 11:52:37 com_github_MitjaNemec_ReplicateLayout.replicate_layout 985:Src text UUid:68fdbb07-b2bb-4a7b-9967-96bebbb010b9
12-22 11:52:37 com_github_MitjaNemec_ReplicateLayout.replicate_layout 986:Dst text UUid:0baef6dd-9efb-4c82-8bfb-31e3018994e8
12-22 11:52:37 com_github_MitjaNemec_ReplicateLayout.replicate_layout 985:Src text UUid:ced60b60-d3cb-4323-8f1a-700425f1ddd3
12-22 11:52:37 com_github_MitjaNemec_ReplicateLayout.replicate_layout 986:Dst text UUid:0fd59f2b-47b4-49a8-b952-7f4de80ed6e5
12-22 11:52:37 com_github_MitjaNemec_ReplicateLayout.replicate_layout 985:Src text UUid:53cdee14-fc2b-4ac8-9572-e7d1ed14daab
12-22 11:52:37 com_github_MitjaNemec_ReplicateLayout.replicate_layout 986:Dst text UUid:ac002806-9437-4503-ac05-369540565841
12-22 11:52:37 com_github_MitjaNemec_ReplicateLayout.replicate_layout 985:Src text UUid:800dba8f-e2d0-49e0-a831-e67c2087b994
12-22 11:52:37 com_github_MitjaNemec_ReplicateLayout.replicate_layout 986:Dst text UUid:3df3b789-29af-4569-aff1-2078a4e938ef
12-22 11:52:37 root 337:updating GUI with: 96
12-22 11:52:37 com_github_MitjaNemec_ReplicateLayout.replicate_layout 985:Src text UUid:3672fc55-a7cc-4322-9739-0890078f4575
12-22 11:52:37 com_github_MitjaNemec_ReplicateLayout.replicate_layout 986:Dst text UUid:b27e6098-c294-4709-aaae-ef7731287732
12-22 11:52:37 com_github_MitjaNemec_ReplicateLayout.replicate_layout 985:Src text UUid:24379094-4f51-4585-9ee8-298bd9a4923d
12-22 11:52:37 com_github_MitjaNemec_ReplicateLayout.replicate_layout 986:Dst text UUid:f4f72b88-4d27-4e11-8255-d65e9160e00a
12-22 11:52:37 com_github_MitjaNemec_ReplicateLayout.replicate_layout 985:Src text UUid:496a9a1f-985c-4cb6-8325-1d8f16647a32
12-22 11:52:37 com_github_MitjaNemec_ReplicateLayout.replicate_layout 986:Dst text UUid:2927a823-25cf-426e-9023-49b5411e7926
12-22 11:52:37 com_github_MitjaNemec_ReplicateLayout.replicate_layout 985:Src text UUid:664d5f48-c5df-4948-8ca2-3db94a66a07c
12-22 11:52:37 com_github_MitjaNemec_ReplicateLayout.replicate_layout 986:Dst text UUid:0f7175dd-6160-4a17-bb1a-42e19e320a65
12-22 11:52:37 com_github_MitjaNemec_ReplicateLayout.replicate_layout 985:Src text UUid:d3aaf56f-3594-4fa6-9e5a-fafc7bdb76be
12-22 11:52:37 com_github_MitjaNemec_ReplicateLayout.replicate_layout 986:Dst text UUid:4f3a95de-72f7-44c9-b59f-8616f042866a
12-22 11:52:37 com_github_MitjaNemec_ReplicateLayout.replicate_layout 985:Src text UUid:7974b0c1-9174-4a2c-876c-2c6dce76c130
12-22 11:52:37 com_github_MitjaNemec_ReplicateLayout.replicate_layout 986:Dst text UUid:c67c39a0-b852-414d-b300-f8fbaf447fea
12-22 11:52:37 com_github_MitjaNemec_ReplicateLayout.replicate_layout 985:Src text UUid:41754246-faf6-49d6-bbb1-50fbef0a9009
12-22 11:52:37 com_github_MitjaNemec_ReplicateLayout.replicate_layout 986:Dst text UUid:5d707c68-fa9f-422d-9f5d-92153b0718ab
12-22 11:52:37 com_github_MitjaNemec_ReplicateLayout.replicate_layout 985:Src text UUid:7dea0cde-1818-44f3-827c-325f4d1e0b54
12-22 11:52:37 com_github_MitjaNemec_ReplicateLayout.replicate_layout 986:Dst text UUid:06d78b11-3c2a-4c60-85e6-5ace6c1af688
12-22 11:52:37 com_github_MitjaNemec_ReplicateLayout.replicate_layout 985:Src text UUid:7622c6b0-5b60-4a84-891d-6f2684b6e716
12-22 11:52:37 com_github_MitjaNemec_ReplicateLayout.replicate_layout 986:Dst text UUid:ae975b6c-0a18-437f-940c-7bb49bc5a63a
12-22 11:52:37 com_github_MitjaNemec_ReplicateLayout.replicate_layout 328:Removing tracks and zones, after footprint placement
12-22 11:52:37 root 332:updating GUI message: 'Removing zones and tracks'
12-22 11:52:37 com_github_MitjaNemec_ReplicateLayout.replicate_layout 1277:Remove bounding box top:122399000, bottom:148450000, Left:207867999, Right:227950999
12-22 11:52:37 root 337:updating GUI with: 33
12-22 11:52:37 com_github_MitjaNemec_ReplicateLayout.replicate_layout 1277:Remove bounding box top:122399000, bottom:148450000, Left:186867999, Right:206950999
12-22 11:52:37 root 337:updating GUI with: 66
12-22 11:52:37 com_github_MitjaNemec_ReplicateLayout.replicate_layout 1277:Remove bounding box top:121057000, bottom:148450000, Left:165867999, Right:185950999
12-22 11:52:37 root 332:updating GUI message: 'Replicating tracks'
12-22 11:52:37 root 337:updating GUI with: 0
12-22 11:52:37 com_github_MitjaNemec_ReplicateLayout.replicate_layout 1009:Replicating tracks
12-22 11:52:37 com_github_MitjaNemec_ReplicateLayout.replicate_layout 1015:Replicating tracks on sheet ['Encoder1']
12-22 11:52:37 com_github_MitjaNemec_ReplicateLayout.replicate_layout 792:Net pairs for sheet ['Encoder1'] :[('+5V', '+5V'), ('unconnected-(U43-DI-Pad4)', 'unconnected-(U33-DI-Pad4)'), ('/Encoder0/B_H', '/Encoder1/B_H'), ('/Encoder0/DATA1', '/Encoder1/DATA1'), ('/Encoder0/B_L', '/Encoder1/B_L'), ('Net-(U43-DE)', 'Net-(U33-DE)'), ('/Encoder0/Index', '/Encoder1/Index'), ('/Encoder0/Z_H', '/Encoder1/Z_H'), ('/Encoder0/A_L', '/Encoder1/A_L'), ('/Encoder0/S{slash}R2', '/Encoder1/S{slash}R2'), ('GND', 'GND'), ('/Encoder0/A_H', '/Encoder1/A_H'), ('Net-(U41-VCC)', 'Net-(U31-VCC)'), ('/Encoder0/Z_L', '/Encoder1/Z_L'), ('/Encoder0/DATA2', '/Encoder1/DATA2'), ('/Encoder0/S{slash}R1', '/Encoder1/S{slash}R1')]
12-22 11:52:37 com_github_MitjaNemec_ReplicateLayout.replicate_layout 1015:Replicating tracks on sheet ['Encoder2']
12-22 11:52:37 com_github_MitjaNemec_ReplicateLayout.replicate_layout 792:Net pairs for sheet ['Encoder2'] :[('+5V', '+5V'), ('Net-(U43-DE)', 'Net-(U36-DE)'), ('/Encoder0/S{slash}R1', '/Encoder2/S{slash}R1'), ('/Encoder0/A_H', '/Encoder2/A_H'), ('/Encoder0/A_L', '/Encoder2/A_L'), ('/Encoder0/B_L', '/Encoder2/B_L'), ('Net-(U41-VCC)', 'Net-(U34-VCC)'), ('/Encoder0/Z_L', '/Encoder2/Z_L'), ('/Encoder0/DATA1', '/Encoder2/DATA1'), ('/Encoder0/S{slash}R2', '/Encoder2/S{slash}R2'), ('GND', 'GND'), ('/Encoder0/Z_H', '/Encoder2/Z_H'), ('/Encoder0/Index', '/Encoder2/Index'), ('unconnected-(U43-DI-Pad4)', 'unconnected-(U36-DI-Pad4)'), ('/Encoder0/B_H', '/Encoder2/B_H'), ('/Encoder0/DATA2', '/Encoder2/DATA2')]
12-22 11:52:37 com_github_MitjaNemec_ReplicateLayout.replicate_layout 1015:Replicating tracks on sheet ['Encoder3']
12-22 11:52:37 com_github_MitjaNemec_ReplicateLayout.replicate_layout 792:Net pairs for sheet ['Encoder3'] :[('/Encoder0/DATA1', '/Encoder3/DATA1'), ('+5V', '+5V'), ('/Encoder0/DATA2', '/Encoder3/DATA2'), ('/Encoder0/A_L', '/Encoder3/A_L'), ('/Encoder0/S{slash}R2', '/Encoder3/S{slash}R2'), ('/Encoder0/Z_H', '/Encoder3/Z_H'), ('/Encoder0/A_H', '/Encoder3/A_H'), ('unconnected-(U43-DI-Pad4)', 'unconnected-(U39-DI-Pad4)'), ('/Encoder0/Index', '/Encoder3/Index'), ('Net-(U43-DE)', 'Net-(U39-DE)'), ('/Encoder0/Z_L', '/Encoder3/Z_L'), ('/Encoder0/S{slash}R1', '/Encoder3/S{slash}R1'), ('Net-(U41-VCC)', 'Net-(U37-VCC)'), ('GND', 'GND'), ('/Encoder0/B_L', '/Encoder3/B_L'), ('/Encoder0/B_H', '/Encoder3/B_H')]
12-22 11:52:37 root 332:updating GUI message: 'Replicating zones'
12-22 11:52:37 com_github_MitjaNemec_ReplicateLayout.replicate_layout 1079:Replicating zones
12-22 11:52:37 com_github_MitjaNemec_ReplicateLayout.replicate_layout 1086:Replicating zones on sheet ['Encoder1']
12-22 11:52:37 com_github_MitjaNemec_ReplicateLayout.replicate_layout 792:Net pairs for sheet ['Encoder1'] :[('+5V', '+5V'), ('unconnected-(U43-DI-Pad4)', 'unconnected-(U33-DI-Pad4)'), ('/Encoder0/B_H', '/Encoder1/B_H'), ('/Encoder0/DATA1', '/Encoder1/DATA1'), ('/Encoder0/B_L', '/Encoder1/B_L'), ('Net-(U43-DE)', 'Net-(U33-DE)'), ('/Encoder0/Index', '/Encoder1/Index'), ('/Encoder0/Z_H', '/Encoder1/Z_H'), ('/Encoder0/A_L', '/Encoder1/A_L'), ('/Encoder0/S{slash}R2', '/Encoder1/S{slash}R2'), ('GND', 'GND'), ('/Encoder0/A_H', '/Encoder1/A_H'), ('Net-(U41-VCC)', 'Net-(U31-VCC)'), ('/Encoder0/Z_L', '/Encoder1/Z_L'), ('/Encoder0/DATA2', '/Encoder1/DATA2'), ('/Encoder0/S{slash}R1', '/Encoder1/S{slash}R1')]
12-22 11:52:37 root 337:updating GUI with: 33
12-22 11:52:37 com_github_MitjaNemec_ReplicateLayout.replicate_layout 1086:Replicating zones on sheet ['Encoder2']
12-22 11:52:37 com_github_MitjaNemec_ReplicateLayout.replicate_layout 792:Net pairs for sheet ['Encoder2'] :[('+5V', '+5V'), ('Net-(U43-DE)', 'Net-(U36-DE)'), ('/Encoder0/S{slash}R1', '/Encoder2/S{slash}R1'), ('/Encoder0/A_H', '/Encoder2/A_H'), ('/Encoder0/A_L', '/Encoder2/A_L'), ('/Encoder0/B_L', '/Encoder2/B_L'), ('Net-(U41-VCC)', 'Net-(U34-VCC)'), ('/Encoder0/Z_L', '/Encoder2/Z_L'), ('/Encoder0/DATA1', '/Encoder2/DATA1'), ('/Encoder0/S{slash}R2', '/Encoder2/S{slash}R2'), ('GND', 'GND'), ('/Encoder0/Z_H', '/Encoder2/Z_H'), ('/Encoder0/Index', '/Encoder2/Index'), ('unconnected-(U43-DI-Pad4)', 'unconnected-(U36-DI-Pad4)'), ('/Encoder0/B_H', '/Encoder2/B_H'), ('/Encoder0/DATA2', '/Encoder2/DATA2')]
12-22 11:52:37 com_github_MitjaNemec_ReplicateLayout.replicate_layout 1086:Replicating zones on sheet ['Encoder3']
12-22 11:52:37 com_github_MitjaNemec_ReplicateLayout.replicate_layout 792:Net pairs for sheet ['Encoder3'] :[('/Encoder0/DATA1', '/Encoder3/DATA1'), ('+5V', '+5V'), ('/Encoder0/DATA2', '/Encoder3/DATA2'), ('/Encoder0/A_L', '/Encoder3/A_L'), ('/Encoder0/S{slash}R2', '/Encoder3/S{slash}R2'), ('/Encoder0/Z_H', '/Encoder3/Z_H'), ('/Encoder0/A_H', '/Encoder3/A_H'), ('unconnected-(U43-DI-Pad4)', 'unconnected-(U39-DI-Pad4)'), ('/Encoder0/Index', '/Encoder3/Index'), ('Net-(U43-DE)', 'Net-(U39-DE)'), ('/Encoder0/Z_L', '/Encoder3/Z_L'), ('/Encoder0/S{slash}R1', '/Encoder3/S{slash}R1'), ('Net-(U41-VCC)', 'Net-(U37-VCC)'), ('GND', 'GND'), ('/Encoder0/B_L', '/Encoder3/B_L'), ('/Encoder0/B_H', '/Encoder3/B_H')]
12-22 11:52:37 root 332:updating GUI message: 'Replicating text'
12-22 11:52:37 com_github_MitjaNemec_ReplicateLayout.replicate_layout 1168:Replicating text
12-22 11:52:37 com_github_MitjaNemec_ReplicateLayout.replicate_layout 1175:Replicating text on sheet ['Encoder1']
12-22 11:52:37 com_github_MitjaNemec_ReplicateLayout.replicate_layout 1175:Replicating text on sheet ['Encoder2']
12-22 11:52:37 com_github_MitjaNemec_ReplicateLayout.replicate_layout 1175:Replicating text on sheet ['Encoder3']
12-22 11:52:40 com_github_MitjaNemec_ReplicateLayout.action_replicate_layout 256:Replication complete
